2016-09-21 21:14:20.908 [INFO ] [el.core.internal.ModelRepositoryImpl] - Loading model 'demo.sitemap'
2016-09-21 21:14:21.998 [INFO ] [el.core.internal.ModelRepositoryImpl] - Loading model 'demo.things'
2016-09-21 21:14:22.232 [INFO ] [el.core.internal.ModelRepositoryImpl] - Loading model 'rrd4j.persist'
2016-09-21 21:14:22.344 [INFO ] [el.core.internal.ModelRepositoryImpl] - Loading model 'logging.persist'
2016-09-21 21:14:22.373 [INFO ] [el.core.internal.ModelRepositoryImpl] - Loading model 'demo.rules'
2016-09-21 21:14:25.003 [INFO ] [el.core.internal.ModelRepositoryImpl] - Loading model 'demo.script'
2016-09-21 21:14:25.412 [INFO ] [el.core.internal.ModelRepositoryImpl] - Loading model 'demo.items'
2016-09-21 21:15:03.315 [INFO ] [basic.internal.servlet.WebAppServlet] - Started Basic UI at /basicui/app
2016-09-21 21:15:03.466 [WARN ] [nce.extensions.PersistenceExtensions] - There is no default persistence service configured!
2016-09-21 21:15:03.544 [WARN ] [nce.extensions.PersistenceExtensions] - There is no queryable persistence service registered with the id 'null'
2016-09-21 21:15:03.556 [ERROR] [ntime.internal.engine.RuleEngineImpl] - Error during the execution of startup rule 'ut': cannot invoke method public abstract org.eclipse.smarthome.core.types.State org.eclipse.smarthome.core.persistence.HistoricItem.getState() on null
2016-09-21 21:15:03.577 [INFO ] [.dashboard.internal.DashboardService] - Started dashboard at /start
2016-09-21 21:15:04.421 [INFO ] [arthome.ui.paper.internal.PaperUIApp] - Started Paper UI at /ui
2016-09-21 21:15:04.653 [INFO ] [assic.internal.servlet.WebAppServlet] - Started Classic UI at /classicui/app
2016-09-21 21:15:07.468 [INFO ] [core.karaf.internal.FeatureInstaller] - Installed 'openhab-package-demo'
2016-09-21 21:15:08.453 [INFO ] [g.discovery.internal.PersistentInbox] - Added new thing 'ntp:ntp:local' to inbox.
2016-09-21 21:15:09.195 [INFO ] [ding.astro.handler.AstroThingHandler] - Scheduled astro DailyJob at midnight for thing astro:sun:home
2016-09-21 21:15:09.234 [INFO ] [ding.astro.handler.AstroThingHandler] - Scheduled astro DailyJob at midnight for thing astro:moon:home
2016-09-21 21:15:19.688 [INFO ] [g.discovery.internal.PersistentInbox] - Added new thing 'avmfritz:fritzbox:192_168_178_254' to inbox.
2016-09-21 21:15:23.134 [ERROR] [ersey.server.ServerRuntime$Responder] - An I/O error has occurred while writing a response message entity to the container output stream.
org.glassfish.jersey.server.internal.process.MappableException: org.eclipse.jetty.io.EofException
	at org.glassfish.jersey.server.internal.MappableExceptionWrapperInterceptor.aroundWriteTo(MappableExceptionWrapperInterceptor.java:92)[152:org.glassfish.jersey.core.jersey-server:2.22.2]
	at org.glassfish.jersey.message.internal.WriterInterceptorExecutor.proceed(WriterInterceptorExecutor.java:162)[151:org.glassfish.jersey.core.jersey-common:2.22.2]
	at org.glassfish.jersey.message.internal.MessageBodyFactory.writeTo(MessageBodyFactory.java:1130)[151:org.glassfish.jersey.core.jersey-common:2.22.2]
	at org.glassfish.jersey.server.ServerRuntime$Responder.writeResponse(ServerRuntime.java:711)[152:org.glassfish.jersey.core.jersey-server:2.22.2]
	at org.glassfish.jersey.server.ServerRuntime$Responder.processResponse(ServerRuntime.java:444)[152:org.glassfish.jersey.core.jersey-server:2.22.2]
	at org.glassfish.jersey.server.ServerRuntime$Responder.process(ServerRuntime.java:434)[152:org.glassfish.jersey.core.jersey-server:2.22.2]
	at org.glassfish.jersey.server.ServerRuntime$2.run(ServerRuntime.java:329)[152:org.glassfish.jersey.core.jersey-server:2.22.2]
	at org.glassfish.jersey.internal.Errors$1.call(Errors.java:271)[151:org.glassfish.jersey.core.jersey-common:2.22.2]
	at org.glassfish.jersey.internal.Errors$1.call(Errors.java:267)[151:org.glassfish.jersey.core.jersey-common:2.22.2]
	at org.glassfish.jersey.internal.Errors.process(Errors.java:315)[151:org.glassfish.jersey.core.jersey-common:2.22.2]
	at org.glassfish.jersey.internal.Errors.process(Errors.java:297)[151:org.glassfish.jersey.core.jersey-common:2.22.2]
	at org.glassfish.jersey.internal.Errors.process(Errors.java:267)[151:org.glassfish.jersey.core.jersey-common:2.22.2]
	at org.glassfish.jersey.process.internal.RequestScope.runInScope(RequestScope.java:317)[151:org.glassfish.jersey.core.jersey-common:2.22.2]
	at org.glassfish.jersey.server.ServerRuntime.process(ServerRuntime.java:305)[152:org.glassfish.jersey.core.jersey-server:2.22.2]
	at org.glassfish.jersey.server.ApplicationHandler.handle(ApplicationHandler.java:1154)[152:org.glassfish.jersey.core.jersey-server:2.22.2]
	at org.glassfish.jersey.servlet.WebComponent.serviceImpl(WebComponent.java:473)[149:org.glassfish.jersey.containers.jersey-container-servlet-core:2.22.2]
	at org.glassfish.jersey.servlet.WebComponent.service(WebComponent.java:427)[149:org.glassfish.jersey.containers.jersey-container-servlet-core:2.22.2]
	at org.glassfish.jersey.servlet.ServletContainer.service(ServletContainer.java:388)[149:org.glassfish.jersey.containers.jersey-container-servlet-core:2.22.2]
	at org.glassfish.jersey.servlet.ServletContainer.service(ServletContainer.java:341)[149:org.glassfish.jersey.containers.jersey-container-servlet-core:2.22.2]
	at org.glassfish.jersey.servlet.ServletContainer.service(ServletContainer.java:228)[149:org.glassfish.jersey.containers.jersey-container-servlet-core:2.22.2]
	at com.eclipsesource.jaxrs.publisher.internal.ServletContainerBridge.service(ServletContainerBridge.java:76)[11:com.eclipsesource.jaxrs.publisher:5.3.1.201602281253]
	at org.eclipse.jetty.servlet.ServletHolder.handle(ServletHolder.java:812)[79:org.eclipse.jetty.servlet:9.2.14.v20151106]
	at org.eclipse.jetty.servlet.ServletHandler.doHandle(ServletHandler.java:587)[79:org.eclipse.jetty.servlet:9.2.14.v20151106]
	at org.ops4j.pax.web.service.jetty.internal.HttpServiceServletHandler.doHandle(HttpServiceServletHandler.java:70)[165:org.ops4j.pax.web.pax-web-jetty:4.2.4]
	at org.eclipse.jetty.server.handler.ScopedHandler.handle(ScopedHandler.java:143)[78:org.eclipse.jetty.server:9.2.14.v20151106]
	at org.eclipse.jetty.security.SecurityHandler.handle(SecurityHandler.java:577)[77:org.eclipse.jetty.security:9.2.14.v20151106]
	at org.eclipse.jetty.server.session.SessionHandler.doHandle(SessionHandler.java:223)[78:org.eclipse.jetty.server:9.2.14.v20151106]
	at org.eclipse.jetty.server.handler.ContextHandler.doHandle(ContextHandler.java:1127)[78:org.eclipse.jetty.server:9.2.14.v20151106]
	at org.ops4j.pax.web.service.jetty.internal.HttpServiceContext.doHandle(HttpServiceContext.java:271)[165:org.ops4j.pax.web.pax-web-jetty:4.2.4]
	at org.eclipse.jetty.servlet.ServletHandler.doScope(ServletHandler.java:515)[79:org.eclipse.jetty.servlet:9.2.14.v20151106]
	at org.eclipse.jetty.server.session.SessionHandler.doScope(SessionHandler.java:185)[78:org.eclipse.jetty.server:9.2.14.v20151106]
	at org.eclipse.jetty.server.handler.ContextHandler.doScope(ContextHandler.java:1061)[78:org.eclipse.jetty.server:9.2.14.v20151106]
	at org.eclipse.jetty.server.handler.ScopedHandler.handle(ScopedHandler.java:141)[78:org.eclipse.jetty.server:9.2.14.v20151106]
	at org.ops4j.pax.web.service.jetty.internal.JettyServerHandlerCollection.handle(JettyServerHandlerCollection.java:80)[165:org.ops4j.pax.web.pax-web-jetty:4.2.4]
	at org.eclipse.jetty.server.handler.HandlerWrapper.handle(HandlerWrapper.java:97)[78:org.eclipse.jetty.server:9.2.14.v20151106]
	at org.eclipse.jetty.server.Server.handle(Server.java:499)[78:org.eclipse.jetty.server:9.2.14.v20151106]
	at org.eclipse.jetty.server.HttpChannel.handle(HttpChannel.java:311)[78:org.eclipse.jetty.server:9.2.14.v20151106]
	at org.eclipse.jetty.server.HttpConnection.onFillable(HttpConnection.java:257)[78:org.eclipse.jetty.server:9.2.14.v20151106]
	at org.eclipse.jetty.io.AbstractConnection$2.run(AbstractConnection.java:544)[70:org.eclipse.jetty.io:9.2.14.v20151106]
	at org.eclipse.jetty.util.thread.QueuedThreadPool.runJob(QueuedThreadPool.java:635)[81:org.eclipse.jetty.util:9.2.14.v20151106]
	at org.eclipse.jetty.util.thread.QueuedThreadPool$3.run(QueuedThreadPool.java:555)[81:org.eclipse.jetty.util:9.2.14.v20151106]
	at java.lang.Thread.run(Thread.java:745)[:1.8.0_101]
Caused by: org.eclipse.jetty.io.EofException
	at org.eclipse.jetty.io.ChannelEndPoint.flush(ChannelEndPoint.java:192)[70:org.eclipse.jetty.io:9.2.14.v20151106]
	at org.eclipse.jetty.io.WriteFlusher.flush(WriteFlusher.java:408)[70:org.eclipse.jetty.io:9.2.14.v20151106]
	at org.eclipse.jetty.io.WriteFlusher.completeWrite(WriteFlusher.java:364)[70:org.eclipse.jetty.io:9.2.14.v20151106]
	at org.eclipse.jetty.io.SelectChannelEndPoint.onSelected(SelectChannelEndPoint.java:111)[70:org.eclipse.jetty.io:9.2.14.v20151106]
	at org.eclipse.jetty.io.SelectorManager$ManagedSelector.processKey(SelectorManager.java:640)[70:org.eclipse.jetty.io:9.2.14.v20151106]
	at org.eclipse.jetty.io.SelectorManager$ManagedSelector.select(SelectorManager.java:611)[70:org.eclipse.jetty.io:9.2.14.v20151106]
	at org.eclipse.jetty.io.SelectorManager$ManagedSelector.run(SelectorManager.java:549)[70:org.eclipse.jetty.io:9.2.14.v20151106]
	at org.eclipse.jetty.util.thread.NonBlockingThread.run(NonBlockingThread.java:52)[81:org.eclipse.jetty.util:9.2.14.v20151106]
	... 3 more
Caused by: java.io.IOException: Broken pipe
	at sun.nio.ch.FileDispatcherImpl.write0(Native Method)[:1.8.0_101]
	at sun.nio.ch.SocketDispatcher.write(SocketDispatcher.java:47)[:1.8.0_101]
	at sun.nio.ch.IOUtil.writeFromNativeBuffer(IOUtil.java:93)[:1.8.0_101]
	at sun.nio.ch.IOUtil.write(IOUtil.java:65)[:1.8.0_101]
	at sun.nio.ch.SocketChannelImpl.write(SocketChannelImpl.java:471)[:1.8.0_101]
	at org.eclipse.jetty.io.ChannelEndPoint.flush(ChannelEndPoint.java:170)[70:org.eclipse.jetty.io:9.2.14.v20151106]
	... 10 more
2016-09-21 23:20:08.378 [INFO ] [el.core.internal.ModelRepositoryImpl] - Loading model 'demo.items'
2016-09-21 23:20:09.067 [INFO ] [el.core.internal.ModelRepositoryImpl] - Loading model 'logging.persist'
2016-09-21 23:20:09.160 [INFO ] [el.core.internal.ModelRepositoryImpl] - Loading model 'rrd4j.persist'
2016-09-21 23:20:14.514 [INFO ] [el.core.internal.ModelRepositoryImpl] - Loading model 'demo.rules'
2016-09-21 23:20:16.302 [INFO ] [el.core.internal.ModelRepositoryImpl] - Loading model 'demo.script'
2016-09-21 23:20:18.098 [INFO ] [el.core.internal.ModelRepositoryImpl] - Loading model 'demo.sitemap'
2016-09-21 23:20:19.035 [INFO ] [el.core.internal.ModelRepositoryImpl] - Loading model 'demo.things'
2016-09-21 23:20:49.352 [WARN ] [nce.extensions.PersistenceExtensions] - There is no default persistence service configured!
2016-09-21 23:20:49.357 [WARN ] [nce.extensions.PersistenceExtensions] - There is no queryable persistence service registered with the id 'null'
2016-09-21 23:20:49.367 [ERROR] [ntime.internal.engine.RuleEngineImpl] - Error during the execution of startup rule 'ut': cannot invoke method public abstract org.eclipse.smarthome.core.types.State org.eclipse.smarthome.core.persistence.HistoricItem.getState() on null
2016-09-21 23:20:49.773 [INFO ] [basic.internal.servlet.WebAppServlet] - Started Basic UI at /basicui/app
2016-09-21 23:20:50.201 [INFO ] [assic.internal.servlet.WebAppServlet] - Started Classic UI at /classicui/app
2016-09-21 23:20:50.568 [INFO ] [arthome.ui.paper.internal.PaperUIApp] - Started Paper UI at /ui
2016-09-21 23:20:51.379 [WARN ] [nce.extensions.PersistenceExtensions] - There is no default persistence service configured!
2016-09-21 23:20:51.383 [WARN ] [nce.extensions.PersistenceExtensions] - There is no queryable persistence service registered with the id 'null'
2016-09-21 23:20:51.402 [WARN ] [nce.extensions.PersistenceExtensions] - There is no default persistence service configured!
2016-09-21 23:20:51.403 [WARN ] [nce.extensions.PersistenceExtensions] - There is no queryable persistence service registered with the id 'null'
2016-09-21 23:20:51.856 [INFO ] [.dashboard.internal.DashboardService] - Started dashboard at /start
2016-09-21 23:20:54.171 [INFO ] [ding.astro.handler.AstroThingHandler] - Scheduled astro DailyJob at midnight for thing astro:sun:home
2016-09-21 23:20:54.194 [INFO ] [ding.astro.handler.AstroThingHandler] - Scheduled astro DailyJob at midnight for thing astro:moon:home
2016-09-21 23:22:20.095 [ERROR] [ersey.server.ServerRuntime$Responder] - An I/O error has occurred while writing a response message entity to the container output stream.
org.glassfish.jersey.server.internal.process.MappableException: org.eclipse.jetty.io.EofException
	at org.glassfish.jersey.server.internal.MappableExceptionWrapperInterceptor.aroundWriteTo(MappableExceptionWrapperInterceptor.java:92)[152:org.glassfish.jersey.core.jersey-server:2.22.2]
	at org.glassfish.jersey.message.internal.WriterInterceptorExecutor.proceed(WriterInterceptorExecutor.java:162)[151:org.glassfish.jersey.core.jersey-common:2.22.2]
	at org.glassfish.jersey.message.internal.MessageBodyFactory.writeTo(MessageBodyFactory.java:1130)[151:org.glassfish.jersey.core.jersey-common:2.22.2]
	at org.glassfish.jersey.server.ServerRuntime$Responder.writeResponse(ServerRuntime.java:711)[152:org.glassfish.jersey.core.jersey-server:2.22.2]
	at org.glassfish.jersey.server.ServerRuntime$Responder.processResponse(ServerRuntime.java:444)[152:org.glassfish.jersey.core.jersey-server:2.22.2]
	at org.glassfish.jersey.server.ServerRuntime$Responder.process(ServerRuntime.java:434)[152:org.glassfish.jersey.core.jersey-server:2.22.2]
	at org.glassfish.jersey.server.ServerRuntime$2.run(ServerRuntime.java:329)[152:org.glassfish.jersey.core.jersey-server:2.22.2]
	at org.glassfish.jersey.internal.Errors$1.call(Errors.java:271)[151:org.glassfish.jersey.core.jersey-common:2.22.2]
	at org.glassfish.jersey.internal.Errors$1.call(Errors.java:267)[151:org.glassfish.jersey.core.jersey-common:2.22.2]
	at org.glassfish.jersey.internal.Errors.process(Errors.java:315)[151:org.glassfish.jersey.core.jersey-common:2.22.2]
	at org.glassfish.jersey.internal.Errors.process(Errors.java:297)[151:org.glassfish.jersey.core.jersey-common:2.22.2]
	at org.glassfish.jersey.internal.Errors.process(Errors.java:267)[151:org.glassfish.jersey.core.jersey-common:2.22.2]
	at org.glassfish.jersey.process.internal.RequestScope.runInScope(RequestScope.java:317)[151:org.glassfish.jersey.core.jersey-common:2.22.2]
	at org.glassfish.jersey.server.ServerRuntime.process(ServerRuntime.java:305)[152:org.glassfish.jersey.core.jersey-server:2.22.2]
	at org.glassfish.jersey.server.ApplicationHandler.handle(ApplicationHandler.java:1154)[152:org.glassfish.jersey.core.jersey-server:2.22.2]
	at org.glassfish.jersey.servlet.WebComponent.serviceImpl(WebComponent.java:473)[149:org.glassfish.jersey.containers.jersey-container-servlet-core:2.22.2]
	at org.glassfish.jersey.servlet.WebComponent.service(WebComponent.java:427)[149:org.glassfish.jersey.containers.jersey-container-servlet-core:2.22.2]
	at org.glassfish.jersey.servlet.ServletContainer.service(ServletContainer.java:388)[149:org.glassfish.jersey.containers.jersey-container-servlet-core:2.22.2]
	at org.glassfish.jersey.servlet.ServletContainer.service(ServletContainer.java:341)[149:org.glassfish.jersey.containers.jersey-container-servlet-core:2.22.2]
	at org.glassfish.jersey.servlet.ServletContainer.service(ServletContainer.java:228)[149:org.glassfish.jersey.containers.jersey-container-servlet-core:2.22.2]
	at com.eclipsesource.jaxrs.publisher.internal.ServletContainerBridge.service(ServletContainerBridge.java:76)[11:com.eclipsesource.jaxrs.publisher:5.3.1.201602281253]
	at org.eclipse.jetty.servlet.ServletHolder.handle(ServletHolder.java:812)[79:org.eclipse.jetty.servlet:9.2.14.v20151106]
	at org.eclipse.jetty.servlet.ServletHandler.doHandle(ServletHandler.java:587)[79:org.eclipse.jetty.servlet:9.2.14.v20151106]
	at org.ops4j.pax.web.service.jetty.internal.HttpServiceServletHandler.doHandle(HttpServiceServletHandler.java:70)[165:org.ops4j.pax.web.pax-web-jetty:4.2.4]
	at org.eclipse.jetty.server.handler.ScopedHandler.handle(ScopedHandler.java:143)[78:org.eclipse.jetty.server:9.2.14.v20151106]
	at org.eclipse.jetty.security.SecurityHandler.handle(SecurityHandler.java:577)[77:org.eclipse.jetty.security:9.2.14.v20151106]
	at org.eclipse.jetty.server.session.SessionHandler.doHandle(SessionHandler.java:223)[78:org.eclipse.jetty.server:9.2.14.v20151106]
	at org.eclipse.jetty.server.handler.ContextHandler.doHandle(ContextHandler.java:1127)[78:org.eclipse.jetty.server:9.2.14.v20151106]
	at org.ops4j.pax.web.service.jetty.internal.HttpServiceContext.doHandle(HttpServiceContext.java:271)[165:org.ops4j.pax.web.pax-web-jetty:4.2.4]
	at org.eclipse.jetty.servlet.ServletHandler.doScope(ServletHandler.java:515)[79:org.eclipse.jetty.servlet:9.2.14.v20151106]
	at org.eclipse.jetty.server.session.SessionHandler.doScope(SessionHandler.java:185)[78:org.eclipse.jetty.server:9.2.14.v20151106]
	at org.eclipse.jetty.server.handler.ContextHandler.doScope(ContextHandler.java:1061)[78:org.eclipse.jetty.server:9.2.14.v20151106]
	at org.eclipse.jetty.server.handler.ScopedHandler.handle(ScopedHandler.java:141)[78:org.eclipse.jetty.server:9.2.14.v20151106]
	at org.ops4j.pax.web.service.jetty.internal.JettyServerHandlerCollection.handle(JettyServerHandlerCollection.java:80)[165:org.ops4j.pax.web.pax-web-jetty:4.2.4]
	at org.eclipse.jetty.server.handler.HandlerWrapper.handle(HandlerWrapper.java:97)[78:org.eclipse.jetty.server:9.2.14.v20151106]
	at org.eclipse.jetty.server.Server.handle(Server.java:499)[78:org.eclipse.jetty.server:9.2.14.v20151106]
	at org.eclipse.jetty.server.HttpChannel.handle(HttpChannel.java:311)[78:org.eclipse.jetty.server:9.2.14.v20151106]
	at org.eclipse.jetty.server.HttpConnection.onFillable(HttpConnection.java:257)[78:org.eclipse.jetty.server:9.2.14.v20151106]
	at org.eclipse.jetty.io.AbstractConnection$2.run(AbstractConnection.java:544)[70:org.eclipse.jetty.io:9.2.14.v20151106]
	at org.eclipse.jetty.util.thread.QueuedThreadPool.runJob(QueuedThreadPool.java:635)[81:org.eclipse.jetty.util:9.2.14.v20151106]
	at org.eclipse.jetty.util.thread.QueuedThreadPool$3.run(QueuedThreadPool.java:555)[81:org.eclipse.jetty.util:9.2.14.v20151106]
	at java.lang.Thread.run(Thread.java:745)[:1.8.0_101]
Caused by: org.eclipse.jetty.io.EofException
	at org.eclipse.jetty.io.ChannelEndPoint.flush(ChannelEndPoint.java:192)[70:org.eclipse.jetty.io:9.2.14.v20151106]
	at org.eclipse.jetty.io.WriteFlusher.flush(WriteFlusher.java:408)[70:org.eclipse.jetty.io:9.2.14.v20151106]
	at org.eclipse.jetty.io.WriteFlusher.write(WriteFlusher.java:302)[70:org.eclipse.jetty.io:9.2.14.v20151106]
	at org.eclipse.jetty.io.AbstractEndPoint.write(AbstractEndPoint.java:129)[70:org.eclipse.jetty.io:9.2.14.v20151106]
	at org.eclipse.jetty.server.HttpConnection$SendCallback.process(HttpConnection.java:702)[78:org.eclipse.jetty.server:9.2.14.v20151106]
	at org.eclipse.jetty.util.IteratingCallback.processing(IteratingCallback.java:246)[81:org.eclipse.jetty.util:9.2.14.v20151106]
	at org.eclipse.jetty.util.IteratingCallback.iterate(IteratingCallback.java:208)[81:org.eclipse.jetty.util:9.2.14.v20151106]
	at org.eclipse.jetty.server.HttpConnection.send(HttpConnection.java:480)[78:org.eclipse.jetty.server:9.2.14.v20151106]
	at org.eclipse.jetty.server.HttpChannel.sendResponse(HttpChannel.java:768)[78:org.eclipse.jetty.server:9.2.14.v20151106]
	at org.eclipse.jetty.server.HttpChannel.write(HttpChannel.java:801)[78:org.eclipse.jetty.server:9.2.14.v20151106]
	at org.eclipse.jetty.server.HttpOutput.write(HttpOutput.java:147)[78:org.eclipse.jetty.server:9.2.14.v20151106]
	at org.eclipse.jetty.server.HttpOutput.write(HttpOutput.java:140)[78:org.eclipse.jetty.server:9.2.14.v20151106]
	at org.eclipse.jetty.server.HttpOutput.write(HttpOutput.java:383)[78:org.eclipse.jetty.server:9.2.14.v20151106]
	at java.io.OutputStream.write(OutputStream.java:75)[:1.8.0_101]
	at org.glassfish.jersey.servlet.internal.ResponseWriter$NonCloseableOutputStreamWrapper.write(ResponseWriter.java:320)[149:org.glassfish.jersey.containers.jersey-container-servlet-core:2.22.2]
	at org.glassfish.jersey.message.internal.CommittingOutputStream.write(CommittingOutputStream.java:218)[151:org.glassfish.jersey.core.jersey-common:2.22.2]
	at org.glassfish.jersey.message.internal.WriterInterceptorExecutor$UnCloseableOutputStream.write(WriterInterceptorExecutor.java:294)[151:org.glassfish.jersey.core.jersey-common:2.22.2]
	at io.swagger.jaxrs.listing.SwaggerSerializers.writeTo(SwaggerSerializers.java:52)[174:io.swagger.jaxrs:1.5.8]
	at io.swagger.jaxrs.listing.SwaggerSerializers.writeTo(SwaggerSerializers.java:19)[174:io.swagger.jaxrs:1.5.8]
	at org.glassfish.jersey.message.internal.WriterInterceptorExecutor$TerminalWriterInterceptor.invokeWriteTo(WriterInterceptorExecutor.java:265)[151:org.glassfish.jersey.core.jersey-common:2.22.2]
	at org.glassfish.jersey.message.internal.WriterInterceptorExecutor$TerminalWriterInterceptor.aroundWriteTo(WriterInterceptorExecutor.java:250)[151:org.glassfish.jersey.core.jersey-common:2.22.2]
	at org.glassfish.jersey.message.internal.WriterInterceptorExecutor.proceed(WriterInterceptorExecutor.java:162)[151:org.glassfish.jersey.core.jersey-common:2.22.2]
	at org.glassfish.jersey.server.internal.JsonWithPaddingInterceptor.aroundWriteTo(JsonWithPaddingInterceptor.java:106)[152:org.glassfish.jersey.core.jersey-server:2.22.2]
	at org.glassfish.jersey.message.internal.WriterInterceptorExecutor.proceed(WriterInterceptorExecutor.java:162)[151:org.glassfish.jersey.core.jersey-common:2.22.2]
	at org.glassfish.jersey.server.internal.MappableExceptionWrapperInterceptor.aroundWriteTo(MappableExceptionWrapperInterceptor.java:86)[152:org.glassfish.jersey.core.jersey-server:2.22.2]
	... 41 more
Caused by: java.io.IOException: Broken pipe
	at sun.nio.ch.FileDispatcherImpl.writev0(Native Method)[:1.8.0_101]
	at sun.nio.ch.SocketDispatcher.writev(SocketDispatcher.java:51)[:1.8.0_101]
	at sun.nio.ch.IOUtil.write(IOUtil.java:148)[:1.8.0_101]
	at sun.nio.ch.SocketChannelImpl.write(SocketChannelImpl.java:504)[:1.8.0_101]
	at org.eclipse.jetty.io.ChannelEndPoint.flush(ChannelEndPoint.java:172)[70:org.eclipse.jetty.io:9.2.14.v20151106]
	... 65 more
2016-09-21 23:23:46.965 [INFO ] [g.discovery.internal.PersistentInbox] - Added new thing 'avmfritz:fritzbox:192_168_178_1' to inbox.
